<?xml version="1.0" encoding="UTF-8"?>
<testng-results skipped="0" failed="0" ignored="0" total="1" passed="1">
  <reporter-output>
  </reporter-output>
  <suite name="Default suite" duration-ms="33" started-at="2018-08-05T07:25:34Z" finished-at="2018-08-05T07:25:34Z">
    <groups>
      <group name="sanity">
        <method signature="smoke.test1()[pri:0, instance:TestNg.smoke@1786dec2]" name="test1" class="TestNg.smoke"/>
      </group> <!-- sanity -->
    </groups>
    <test name="Default test" duration-ms="33" started-at="2018-08-05T07:25:34Z" finished-at="2018-08-05T07:25:34Z">
      <class name="TestNg.smoke">
        <test-method status="PASS" signature="test1()[pri:0, instance:TestNg.smoke@1786dec2]" name="test1" duration-ms="6" started-at="2018-08-05T07:25:34Z" finished-at="2018-08-05T07:25:34Z">
          <reporter-output>
          </reporter-output>
        </test-method> <!-- test1 -->
      </class> <!-- TestNg.smoke -->
    </test> <!-- Default test -->
  </suite> <!-- Default suite -->
</testng-results>
